  pch.cpp
  ECore.cpp
  EFrustum.cpp
D:\Code\cpp\Gmae Engine\E3D\ECore\EFrustum.cpp(1,1): warning C4819: 该文件包含不能在当前代码页(936)中表示的字符。请将该文件保存为 Unicode 格式以防止数据丢失
D:\Code\cpp\Gmae Engine\E3D\ECore\EFrustum.h(1,1): warning C4819: 该文件包含不能在当前代码页(936)中表示的字符。请将该文件保存为 Unicode 格式以防止数据丢失
D:\Code\cpp\Gmae Engine\E3D\ECore\ECommon.h(1,1): warning C4819: 该文件包含不能在当前代码页(936)中表示的字符。请将该文件保存为 Unicode 格式以防止数据丢失
D:\Code\cpp\Gmae Engine\E3D\ECore\E3DHeader.h(1,1): warning C4819: 该文件包含不能在当前代码页(936)中表示的字符。请将该文件保存为 Unicode 格式以防止数据丢失
D:\Code\cpp\Gmae Engine\E3D\ECore\EVector.h(1,1): warning C4819: 该文件包含不能在当前代码页(936)中表示的字符。请将该文件保存为 Unicode 格式以防止数据丢失
D:\Code\cpp\Gmae Engine\E3D\ECore\EUtil.h(1,1): warning C4819: 该文件包含不能在当前代码页(936)中表示的字符。请将该文件保存为 Unicode 格式以防止数据丢失
D:\Code\cpp\Gmae Engine\E3D\ECore\EUtil.h(56,84): warning C4267: “参数”: 从“size_t”转换到“int”，可能丢失数据
D:\Code\cpp\Gmae Engine\E3D\ECore\EUtil.h(59,79): warning C4267: “参数”: 从“size_t”转换到“int”，可能丢失数据
D:\Code\cpp\Gmae Engine\E3D\ECore\EMatrix.h(1,1): warning C4819: 该文件包含不能在当前代码页(936)中表示的字符。请将该文件保存为 Unicode 格式以防止数据丢失
D:\Code\cpp\Gmae Engine\E3D\ECore\EFrustum.cpp(9,45): warning C4244: “=”: 从“double”转换到“E3D::EFloat”，可能丢失数据
D:\Code\cpp\Gmae Engine\E3D\ECore\EFrustum.cpp(10,46): warning C4244: “=”: 从“double”转换到“E3D::EFloat”，可能丢失数据
D:\Code\cpp\Gmae Engine\E3D\ECore\EFrustum.cpp(17,23): warning C4244: “初始化”: 从“double”转换到“E3D::EFloat”，可能丢失数据
D:\Code\cpp\Gmae Engine\E3D\ECore\EFrustum.cpp(24,61): warning C4244: “参数”: 从“double”转换到“E3D::EFloat”，可能丢失数据
D:\Code\cpp\Gmae Engine\E3D\ECore\EFrustum.cpp(28,63): warning C4244: “参数”: 从“double”转换到“E3D::EFloat”，可能丢失数据
D:\Code\cpp\Gmae Engine\E3D\ECore\EFrustum.cpp(32,64): warning C4244: “参数”: 从“double”转换到“E3D::EFloat”，可能丢失数据
D:\Code\cpp\Gmae Engine\E3D\ECore\EFrustum.cpp(36,64): warning C4244: “参数”: 从“double”转换到“E3D::EFloat”，可能丢失数据
  EGraphics.cpp
D:\Code\cpp\Gmae Engine\E3D\ECore\EGraphics.cpp(1,1): warning C4819: 该文件包含不能在当前代码页(936)中表示的字符。请将该文件保存为 Unicode 格式以防止数据丢失
D:\Code\cpp\Gmae Engine\E3D\ECore\EGraphics.h(1,1): warning C4819: 该文件包含不能在当前代码页(936)中表示的字符。请将该文件保存为 Unicode 格式以防止数据丢失
D:\Code\cpp\Gmae Engine\E3D\ECore\ECommon.h(1,1): warning C4819: 该文件包含不能在当前代码页(936)中表示的字符。请将该文件保存为 Unicode 格式以防止数据丢失
D:\Code\cpp\Gmae Engine\E3D\ECore\E3DHeader.h(1,1): warning C4819: 该文件包含不能在当前代码页(936)中表示的字符。请将该文件保存为 Unicode 格式以防止数据丢失
D:\Code\cpp\Gmae Engine\E3D\ECore\EUtil.h(1,1): warning C4819: 该文件包含不能在当前代码页(936)中表示的字符。请将该文件保存为 Unicode 格式以防止数据丢失
D:\Code\cpp\Gmae Engine\E3D\ECore\EUtil.h(56,84): warning C4267: “参数”: 从“size_t”转换到“int”，可能丢失数据
D:\Code\cpp\Gmae Engine\E3D\ECore\EUtil.h(59,79): warning C4267: “参数”: 从“size_t”转换到“int”，可能丢失数据
D:\Code\cpp\Gmae Engine\E3D\ECore\EGraphics.cpp(145,58): warning C4267: “参数”: 从“size_t”转换到“int”，可能丢失数据
  ELight.cpp
D:\Code\cpp\Gmae Engine\E3D\ECore\ELight.h(1,1): warning C4819: 该文件包含不能在当前代码页(936)中表示的字符。请将该文件保存为 Unicode 格式以防止数据丢失
D:\Code\cpp\Gmae Engine\E3D\ECore\ECommon.h(1,1): warning C4819: 该文件包含不能在当前代码页(936)中表示的字符。请将该文件保存为 Unicode 格式以防止数据丢失
D:\Code\cpp\Gmae Engine\E3D\ECore\E3DHeader.h(1,1): warning C4819: 该文件包含不能在当前代码页(936)中表示的字符。请将该文件保存为 Unicode 格式以防止数据丢失
D:\Code\cpp\Gmae Engine\E3D\ECore\EVector.h(1,1): warning C4819: 该文件包含不能在当前代码页(936)中表示的字符。请将该文件保存为 Unicode 格式以防止数据丢失
D:\Code\cpp\Gmae Engine\E3D\ECore\EUtil.h(1,1): warning C4819: 该文件包含不能在当前代码页(936)中表示的字符。请将该文件保存为 Unicode 格式以防止数据丢失
D:\Code\cpp\Gmae Engine\E3D\ECore\EUtil.h(56,84): warning C4267: “参数”: 从“size_t”转换到“int”，可能丢失数据
D:\Code\cpp\Gmae Engine\E3D\ECore\EUtil.h(59,79): warning C4267: “参数”: 从“size_t”转换到“int”，可能丢失数据
D:\Code\cpp\Gmae Engine\E3D\ECore\ELight.cpp(37,31): warning C4267: “return”: 从“size_t”转换到“E3D::EInt”，可能丢失数据
  EMath.cpp
D:\Code\cpp\Gmae Engine\E3D\ECore\ECommon.h(1,1): warning C4819: 该文件包含不能在当前代码页(936)中表示的字符。请将该文件保存为 Unicode 格式以防止数据丢失
D:\Code\cpp\Gmae Engine\E3D\ECore\E3DHeader.h(1,1): warning C4819: 该文件包含不能在当前代码页(936)中表示的字符。请将该文件保存为 Unicode 格式以防止数据丢失
D:\Code\cpp\Gmae Engine\E3D\ECore\EVector.h(1,1): warning C4819: 该文件包含不能在当前代码页(936)中表示的字符。请将该文件保存为 Unicode 格式以防止数据丢失
D:\Code\cpp\Gmae Engine\E3D\ECore\EUtil.h(1,1): warning C4819: 该文件包含不能在当前代码页(936)中表示的字符。请将该文件保存为 Unicode 格式以防止数据丢失
D:\Code\cpp\Gmae Engine\E3D\ECore\EUtil.h(56,84): warning C4267: “参数”: 从“size_t”转换到“int”，可能丢失数据
D:\Code\cpp\Gmae Engine\E3D\ECore\EUtil.h(59,79): warning C4267: “参数”: 从“size_t”转换到“int”，可能丢失数据
D:\Code\cpp\Gmae Engine\E3D\ECore\EMatrix.h(1,1): warning C4819: 该文件包含不能在当前代码页(936)中表示的字符。请将该文件保存为 Unicode 格式以防止数据丢失
  EMatrix.cpp
D:\Code\cpp\Gmae Engine\E3D\ECore\EMatrix.h(1,1): warning C4819: 该文件包含不能在当前代码页(936)中表示的字符。请将该文件保存为 Unicode 格式以防止数据丢失
D:\Code\cpp\Gmae Engine\E3D\ECore\ECommon.h(1,1): warning C4819: 该文件包含不能在当前代码页(936)中表示的字符。请将该文件保存为 Unicode 格式以防止数据丢失
D:\Code\cpp\Gmae Engine\E3D\ECore\E3DHeader.h(1,1): warning C4819: 该文件包含不能在当前代码页(936)中表示的字符。请将该文件保存为 Unicode 格式以防止数据丢失
  EUtil.cpp
D:\Code\cpp\Gmae Engine\E3D\ECore\EUtil.cpp(1,1): warning C4819: 该文件包含不能在当前代码页(936)中表示的字符。请将该文件保存为 Unicode 格式以防止数据丢失
D:\Code\cpp\Gmae Engine\E3D\ECore\EUtil.h(1,1): warning C4819: 该文件包含不能在当前代码页(936)中表示的字符。请将该文件保存为 Unicode 格式以防止数据丢失
D:\Code\cpp\Gmae Engine\E3D\ECore\ECommon.h(1,1): warning C4819: 该文件包含不能在当前代码页(936)中表示的字符。请将该文件保存为 Unicode 格式以防止数据丢失
D:\Code\cpp\Gmae Engine\E3D\ECore\E3DHeader.h(1,1): warning C4819: 该文件包含不能在当前代码页(936)中表示的字符。请将该文件保存为 Unicode 格式以防止数据丢失
D:\Code\cpp\Gmae Engine\E3D\ECore\EUtil.h(56,84): warning C4267: “参数”: 从“size_t”转换到“int”，可能丢失数据
D:\Code\cpp\Gmae Engine\E3D\ECore\EUtil.h(59,79): warning C4267: “参数”: 从“size_t”转换到“int”，可能丢失数据
  EVector.cpp
  正在生成代码...
D:\Code\cpp\Gmae Engine\E3D\ECore\ELight.cpp(24): warning C4715: “E3D::CreateLight”: 不是所有的控件路径都返回值
  ECore.vcxproj -> D:\Code\cpp\Gmae Engine\E3D\E3D\x64\Debug\ECore.lib
