  ECore.cpp
D:\Code\cpp\Gmae Engine\E3D\ECore\ECore.cpp(1,1): warning C4819: 该文件包含不能在当前代码页(936)中表示的字符。请将该文件保存为 Unicode 格式以防止数据丢失
D:\Code\cpp\Gmae Engine\E3D\ECore\ECore.h(1,1): warning C4819: 该文件包含不能在当前代码页(936)中表示的字符。请将该文件保存为 Unicode 格式以防止数据丢失
D:\Code\cpp\Gmae Engine\E3D\ECore\ECommon.h(1,1): warning C4819: 该文件包含不能在当前代码页(936)中表示的字符。请将该文件保存为 Unicode 格式以防止数据丢失
D:\Code\cpp\Gmae Engine\E3D\ECore\E3DHeader.h(1,1): warning C4819: 该文件包含不能在当前代码页(936)中表示的字符。请将该文件保存为 Unicode 格式以防止数据丢失
D:\Code\cpp\Gmae Engine\E3D\ECore\EVector.h(1,1): warning C4819: 该文件包含不能在当前代码页(936)中表示的字符。请将该文件保存为 Unicode 格式以防止数据丢失
D:\Code\cpp\Gmae Engine\E3D\ECore\EUtil.h(1,1): warning C4819: 该文件包含不能在当前代码页(936)中表示的字符。请将该文件保存为 Unicode 格式以防止数据丢失
D:\Code\cpp\Gmae Engine\E3D\ECore\EUtil.h(56,84): warning C4267: “参数”: 从“size_t”转换到“int”，可能丢失数据
D:\Code\cpp\Gmae Engine\E3D\ECore\EUtil.h(59,79): warning C4267: “参数”: 从“size_t”转换到“int”，可能丢失数据
D:\Code\cpp\Gmae Engine\E3D\ECore\EFrustum.h(1,1): warning C4819: 该文件包含不能在当前代码页(936)中表示的字符。请将该文件保存为 Unicode 格式以防止数据丢失
D:\Code\cpp\Gmae Engine\E3D\ECore\EMatrix.h(1,1): warning C4819: 该文件包含不能在当前代码页(936)中表示的字符。请将该文件保存为 Unicode 格式以防止数据丢失
D:\Code\cpp\Gmae Engine\E3D\ECore\EGraphics.h(1,1): warning C4819: 该文件包含不能在当前代码页(936)中表示的字符。请将该文件保存为 Unicode 格式以防止数据丢失
D:\Code\cpp\Gmae Engine\E3D\ECore\ELight.h(1,1): warning C4819: 该文件包含不能在当前代码页(936)中表示的字符。请将该文件保存为 Unicode 格式以防止数据丢失
D:\Code\cpp\Gmae Engine\E3D\ECore\EMaterial.h(1,1): warning C4819: 该文件包含不能在当前代码页(936)中表示的字符。请将该文件保存为 Unicode 格式以防止数据丢失
D:\Code\cpp\Gmae Engine\E3D\ECore\ECore.cpp(684,56): warning C4244: “+=”: 从“E3D::EFloat”转换到“E3D::EInt”，可能丢失数据
D:\Code\cpp\Gmae Engine\E3D\ECore\ECore.cpp(685,56): warning C4244: “+=”: 从“E3D::EFloat”转换到“E3D::EInt”，可能丢失数据
D:\Code\cpp\Gmae Engine\E3D\ECore\ECore.cpp(686,56): warning C4244: “+=”: 从“E3D::EFloat”转换到“E3D::EInt”，可能丢失数据
D:\Code\cpp\Gmae Engine\E3D\ECore\ECore.cpp(693,52): warning C4244: “+=”: 从“E3D::EFloat”转换到“E3D::EInt”，可能丢失数据
D:\Code\cpp\Gmae Engine\E3D\ECore\ECore.cpp(694,52): warning C4244: “+=”: 从“E3D::EFloat”转换到“E3D::EInt”，可能丢失数据
D:\Code\cpp\Gmae Engine\E3D\ECore\ECore.cpp(695,52): warning C4244: “+=”: 从“E3D::EFloat”转换到“E3D::EInt”，可能丢失数据
D:\Code\cpp\Gmae Engine\E3D\ECore\ECore.cpp(720,56): warning C4244: “+=”: 从“E3D::EFloat”转换到“E3D::EInt”，可能丢失数据
D:\Code\cpp\Gmae Engine\E3D\ECore\ECore.cpp(721,56): warning C4244: “+=”: 从“E3D::EFloat”转换到“E3D::EInt”，可能丢失数据
D:\Code\cpp\Gmae Engine\E3D\ECore\ECore.cpp(722,56): warning C4244: “+=”: 从“E3D::EFloat”转换到“E3D::EInt”，可能丢失数据
D:\Code\cpp\Gmae Engine\E3D\ECore\ECore.cpp(729,52): warning C4244: “+=”: 从“E3D::EFloat”转换到“E3D::EInt”，可能丢失数据
D:\Code\cpp\Gmae Engine\E3D\ECore\ECore.cpp(730,52): warning C4244: “+=”: 从“E3D::EFloat”转换到“E3D::EInt”，可能丢失数据
D:\Code\cpp\Gmae Engine\E3D\ECore\ECore.cpp(731,52): warning C4244: “+=”: 从“E3D::EFloat”转换到“E3D::EInt”，可能丢失数据
D:\Code\cpp\Gmae Engine\E3D\ECore\ECore.cpp(937,1): warning C4819: 该文件包含不能在当前代码页(936)中表示的字符。请将该文件保存为 Unicode 格式以防止数据丢失
D:\Code\cpp\Gmae Engine\E3D\ECore\ECore.cpp(1049,65): warning C4244: “参数”: 从“E3D::EFloat”转换到“E3D::EInt”，可能丢失数据
D:\Code\cpp\Gmae Engine\E3D\ECore\ECore.cpp(1049,35): warning C4244: “参数”: 从“E3D::EFloat”转换到“E3D::EInt”，可能丢失数据
D:\Code\cpp\Gmae Engine\E3D\ECore\ECore.cpp(1048,82): warning C4244: “参数”: 从“E3D::EFloat”转换到“E3D::EInt”，可能丢失数据
D:\Code\cpp\Gmae Engine\E3D\ECore\ECore.cpp(1048,52): warning C4244: “参数”: 从“E3D::EFloat”转换到“E3D::EInt”，可能丢失数据
D:\Code\cpp\Gmae Engine\E3D\ECore\ECore.cpp(1052,65): warning C4244: “参数”: 从“E3D::EFloat”转换到“E3D::EInt”，可能丢失数据
D:\Code\cpp\Gmae Engine\E3D\ECore\ECore.cpp(1052,35): warning C4244: “参数”: 从“E3D::EFloat”转换到“E3D::EInt”，可能丢失数据
D:\Code\cpp\Gmae Engine\E3D\ECore\ECore.cpp(1051,82): warning C4244: “参数”: 从“E3D::EFloat”转换到“E3D::EInt”，可能丢失数据
D:\Code\cpp\Gmae Engine\E3D\ECore\ECore.cpp(1051,52): warning C4244: “参数”: 从“E3D::EFloat”转换到“E3D::EInt”，可能丢失数据
D:\Code\cpp\Gmae Engine\E3D\ECore\ECore.cpp(1055,65): warning C4244: “参数”: 从“E3D::EFloat”转换到“E3D::EInt”，可能丢失数据
D:\Code\cpp\Gmae Engine\E3D\ECore\ECore.cpp(1055,35): warning C4244: “参数”: 从“E3D::EFloat”转换到“E3D::EInt”，可能丢失数据
D:\Code\cpp\Gmae Engine\E3D\ECore\ECore.cpp(1054,82): warning C4244: “参数”: 从“E3D::EFloat”转换到“E3D::EInt”，可能丢失数据
D:\Code\cpp\Gmae Engine\E3D\ECore\ECore.cpp(1054,52): warning C4244: “参数”: 从“E3D::EFloat”转换到“E3D::EInt”，可能丢失数据
D:\Code\cpp\Gmae Engine\E3D\ECore\ECore.cpp(1080,55): warning C4244: “参数”: 从“E3D::EFloat”转换到“E3D::EInt”，可能丢失数据
D:\Code\cpp\Gmae Engine\E3D\ECore\ECore.cpp(1080,30): warning C4244: “参数”: 从“E3D::EFloat”转换到“E3D::EInt”，可能丢失数据
D:\Code\cpp\Gmae Engine\E3D\ECore\ECore.cpp(1079,72): warning C4244: “参数”: 从“E3D::EFloat”转换到“E3D::EInt”，可能丢失数据
D:\Code\cpp\Gmae Engine\E3D\ECore\ECore.cpp(1079,47): warning C4244: “参数”: 从“E3D::EFloat”转换到“E3D::EInt”，可能丢失数据
D:\Code\cpp\Gmae Engine\E3D\ECore\ECore.cpp(1082,55): warning C4244: “参数”: 从“E3D::EFloat”转换到“E3D::EInt”，可能丢失数据
D:\Code\cpp\Gmae Engine\E3D\ECore\ECore.cpp(1082,30): warning C4244: “参数”: 从“E3D::EFloat”转换到“E3D::EInt”，可能丢失数据
D:\Code\cpp\Gmae Engine\E3D\ECore\ECore.cpp(1081,72): warning C4244: “参数”: 从“E3D::EFloat”转换到“E3D::EInt”，可能丢失数据
D:\Code\cpp\Gmae Engine\E3D\ECore\ECore.cpp(1081,47): warning C4244: “参数”: 从“E3D::EFloat”转换到“E3D::EInt”，可能丢失数据
D:\Code\cpp\Gmae Engine\E3D\ECore\ECore.cpp(1084,55): warning C4244: “参数”: 从“E3D::EFloat”转换到“E3D::EInt”，可能丢失数据
D:\Code\cpp\Gmae Engine\E3D\ECore\ECore.cpp(1084,30): warning C4244: “参数”: 从“E3D::EFloat”转换到“E3D::EInt”，可能丢失数据
D:\Code\cpp\Gmae Engine\E3D\ECore\ECore.cpp(1083,72): warning C4244: “参数”: 从“E3D::EFloat”转换到“E3D::EInt”，可能丢失数据
D:\Code\cpp\Gmae Engine\E3D\ECore\ECore.cpp(1083,47): warning C4244: “参数”: 从“E3D::EFloat”转换到“E3D::EInt”，可能丢失数据
D:\Code\cpp\Gmae Engine\E3D\ECore\ECore.cpp(1116,66): warning C4244: “参数”: 从“E3D::EFloat”转换到“E3D::EInt”，可能丢失数据
D:\Code\cpp\Gmae Engine\E3D\ECore\ECore.cpp(1116,36): warning C4244: “参数”: 从“E3D::EFloat”转换到“E3D::EInt”，可能丢失数据
D:\Code\cpp\Gmae Engine\E3D\ECore\ECore.cpp(1115,66): warning C4244: “参数”: 从“E3D::EFloat”转换到“E3D::EInt”，可能丢失数据
D:\Code\cpp\Gmae Engine\E3D\ECore\ECore.cpp(1115,36): warning C4244: “参数”: 从“E3D::EFloat”转换到“E3D::EInt”，可能丢失数据
D:\Code\cpp\Gmae Engine\E3D\ECore\ECore.cpp(1114,86): warning C4244: “参数”: 从“E3D::EFloat”转换到“E3D::EInt”，可能丢失数据
D:\Code\cpp\Gmae Engine\E3D\ECore\ECore.cpp(1114,56): warning C4244: “参数”: 从“E3D::EFloat”转换到“E3D::EInt”，可能丢失数据
D:\Code\cpp\Gmae Engine\E3D\ECore\ECore.cpp(1142,56): warning C4244: “参数”: 从“E3D::EFloat”转换到“E3D::EInt”，可能丢失数据
D:\Code\cpp\Gmae Engine\E3D\ECore\ECore.cpp(1142,31): warning C4244: “参数”: 从“E3D::EFloat”转换到“E3D::EInt”，可能丢失数据
D:\Code\cpp\Gmae Engine\E3D\ECore\ECore.cpp(1141,56): warning C4244: “参数”: 从“E3D::EFloat”转换到“E3D::EInt”，可能丢失数据
D:\Code\cpp\Gmae Engine\E3D\ECore\ECore.cpp(1141,31): warning C4244: “参数”: 从“E3D::EFloat”转换到“E3D::EInt”，可能丢失数据
D:\Code\cpp\Gmae Engine\E3D\ECore\ECore.cpp(1140,76): warning C4244: “参数”: 从“E3D::EFloat”转换到“E3D::EInt”，可能丢失数据
D:\Code\cpp\Gmae Engine\E3D\ECore\ECore.cpp(1140,51): warning C4244: “参数”: 从“E3D::EFloat”转换到“E3D::EInt”，可能丢失数据
D:\Code\cpp\Gmae Engine\E3D\ECore\ECore.cpp(1206,30): warning C4244: “参数”: 从“E3D::EFloat”转换到“E3D::EInt”，可能丢失数据
D:\Code\cpp\Gmae Engine\E3D\ECore\ECore.cpp(1206,27): warning C4244: “参数”: 从“E3D::EFloat”转换到“E3D::EInt”，可能丢失数据
D:\Code\cpp\Gmae Engine\E3D\ECore\ECore.cpp(1207,30): warning C4244: “参数”: 从“E3D::EFloat”转换到“E3D::EInt”，可能丢失数据
D:\Code\cpp\Gmae Engine\E3D\ECore\ECore.cpp(1207,27): warning C4244: “参数”: 从“E3D::EFloat”转换到“E3D::EInt”，可能丢失数据
D:\Code\cpp\Gmae Engine\E3D\ECore\ECore.cpp(1243,17): warning C4244: “=”: 从“E3D::EInt”转换到“E3D::EFloat”，可能丢失数据
D:\Code\cpp\Gmae Engine\E3D\ECore\ECore.cpp(1244,17): warning C4244: “=”: 从“E3D::EInt”转换到“E3D::EFloat”，可能丢失数据
D:\Code\cpp\Gmae Engine\E3D\ECore\ECore.cpp(1287,61): warning C4244: “参数”: 从“E3D::EFloat”转换到“E3D::EInt”，可能丢失数据
D:\Code\cpp\Gmae Engine\E3D\ECore\ECore.cpp(1287,58): warning C4244: “参数”: 从“E3D::EFloat”转换到“E3D::EInt”，可能丢失数据
D:\Code\cpp\Gmae Engine\E3D\ECore\ECore.cpp(1290,29): warning C4244: “参数”: 从“E3D::EFloat”转换到“E3D::EInt”，可能丢失数据
D:\Code\cpp\Gmae Engine\E3D\ECore\ECore.cpp(1290,26): warning C4244: “参数”: 从“E3D::EFloat”转换到“E3D::EInt”，可能丢失数据
D:\Code\cpp\Gmae Engine\E3D\ECore\ECore.cpp(1360,31): warning C4244: “参数”: 从“E3D::EFloat”转换到“E3D::EInt”，可能丢失数据
D:\Code\cpp\Gmae Engine\E3D\ECore\ECore.cpp(1360,28): warning C4244: “参数”: 从“E3D::EFloat”转换到“E3D::EInt”，可能丢失数据
D:\Code\cpp\Gmae Engine\E3D\ECore\ECore.cpp(1361,30): warning C4244: “参数”: 从“E3D::EFloat”转换到“E3D::EInt”，可能丢失数据
D:\Code\cpp\Gmae Engine\E3D\ECore\ECore.cpp(1361,27): warning C4244: “参数”: 从“E3D::EFloat”转换到“E3D::EInt”，可能丢失数据
D:\Code\cpp\Gmae Engine\E3D\ECore\ECore.cpp(1396,17): warning C4244: “=”: 从“E3D::EInt”转换到“E3D::EFloat”，可能丢失数据
D:\Code\cpp\Gmae Engine\E3D\ECore\ECore.cpp(1397,17): warning C4244: “=”: 从“E3D::EInt”转换到“E3D::EFloat”，可能丢失数据
D:\Code\cpp\Gmae Engine\E3D\ECore\ECore.cpp(1441,61): warning C4244: “参数”: 从“E3D::EFloat”转换到“E3D::EInt”，可能丢失数据
D:\Code\cpp\Gmae Engine\E3D\ECore\ECore.cpp(1441,58): warning C4244: “参数”: 从“E3D::EFloat”转换到“E3D::EInt”，可能丢失数据
D:\Code\cpp\Gmae Engine\E3D\ECore\ECore.cpp(1444,29): warning C4244: “参数”: 从“E3D::EFloat”转换到“E3D::EInt”，可能丢失数据
D:\Code\cpp\Gmae Engine\E3D\ECore\ECore.cpp(1444,26): warning C4244: “参数”: 从“E3D::EFloat”转换到“E3D::EInt”，可能丢失数据
  EFrustum.cpp
D:\Code\cpp\Gmae Engine\E3D\ECore\EFrustum.cpp(1,1): warning C4819: 该文件包含不能在当前代码页(936)中表示的字符。请将该文件保存为 Unicode 格式以防止数据丢失
D:\Code\cpp\Gmae Engine\E3D\ECore\EFrustum.h(1,1): warning C4819: 该文件包含不能在当前代码页(936)中表示的字符。请将该文件保存为 Unicode 格式以防止数据丢失
D:\Code\cpp\Gmae Engine\E3D\ECore\ECommon.h(1,1): warning C4819: 该文件包含不能在当前代码页(936)中表示的字符。请将该文件保存为 Unicode 格式以防止数据丢失
D:\Code\cpp\Gmae Engine\E3D\ECore\E3DHeader.h(1,1): warning C4819: 该文件包含不能在当前代码页(936)中表示的字符。请将该文件保存为 Unicode 格式以防止数据丢失
D:\Code\cpp\Gmae Engine\E3D\ECore\EVector.h(1,1): warning C4819: 该文件包含不能在当前代码页(936)中表示的字符。请将该文件保存为 Unicode 格式以防止数据丢失
D:\Code\cpp\Gmae Engine\E3D\ECore\EUtil.h(1,1): warning C4819: 该文件包含不能在当前代码页(936)中表示的字符。请将该文件保存为 Unicode 格式以防止数据丢失
D:\Code\cpp\Gmae Engine\E3D\ECore\EUtil.h(56,84): warning C4267: “参数”: 从“size_t”转换到“int”，可能丢失数据
D:\Code\cpp\Gmae Engine\E3D\ECore\EUtil.h(59,79): warning C4267: “参数”: 从“size_t”转换到“int”，可能丢失数据
D:\Code\cpp\Gmae Engine\E3D\ECore\EMatrix.h(1,1): warning C4819: 该文件包含不能在当前代码页(936)中表示的字符。请将该文件保存为 Unicode 格式以防止数据丢失
D:\Code\cpp\Gmae Engine\E3D\ECore\ECore.h(1,1): warning C4819: 该文件包含不能在当前代码页(936)中表示的字符。请将该文件保存为 Unicode 格式以防止数据丢失
D:\Code\cpp\Gmae Engine\E3D\ECore\EFrustum.cpp(9,45): warning C4244: “=”: 从“double”转换到“E3D::EFloat”，可能丢失数据
D:\Code\cpp\Gmae Engine\E3D\ECore\EFrustum.cpp(10,46): warning C4244: “=”: 从“double”转换到“E3D::EFloat”，可能丢失数据
D:\Code\cpp\Gmae Engine\E3D\ECore\EFrustum.cpp(17,23): warning C4244: “初始化”: 从“double”转换到“E3D::EFloat”，可能丢失数据
D:\Code\cpp\Gmae Engine\E3D\ECore\EFrustum.cpp(24,61): warning C4244: “参数”: 从“double”转换到“E3D::EFloat”，可能丢失数据
D:\Code\cpp\Gmae Engine\E3D\ECore\EFrustum.cpp(28,63): warning C4244: “参数”: 从“double”转换到“E3D::EFloat”，可能丢失数据
D:\Code\cpp\Gmae Engine\E3D\ECore\EFrustum.cpp(32,64): warning C4244: “参数”: 从“double”转换到“E3D::EFloat”，可能丢失数据
D:\Code\cpp\Gmae Engine\E3D\ECore\EFrustum.cpp(36,64): warning C4244: “参数”: 从“double”转换到“E3D::EFloat”，可能丢失数据
  EGraphics.cpp
D:\Code\cpp\Gmae Engine\E3D\ECore\EGraphics.cpp(1,1): warning C4819: 该文件包含不能在当前代码页(936)中表示的字符。请将该文件保存为 Unicode 格式以防止数据丢失
D:\Code\cpp\Gmae Engine\E3D\ECore\EGraphics.h(1,1): warning C4819: 该文件包含不能在当前代码页(936)中表示的字符。请将该文件保存为 Unicode 格式以防止数据丢失
D:\Code\cpp\Gmae Engine\E3D\ECore\ECommon.h(1,1): warning C4819: 该文件包含不能在当前代码页(936)中表示的字符。请将该文件保存为 Unicode 格式以防止数据丢失
D:\Code\cpp\Gmae Engine\E3D\ECore\E3DHeader.h(1,1): warning C4819: 该文件包含不能在当前代码页(936)中表示的字符。请将该文件保存为 Unicode 格式以防止数据丢失
D:\Code\cpp\Gmae Engine\E3D\ECore\EUtil.h(1,1): warning C4819: 该文件包含不能在当前代码页(936)中表示的字符。请将该文件保存为 Unicode 格式以防止数据丢失
D:\Code\cpp\Gmae Engine\E3D\ECore\EUtil.h(56,84): warning C4267: “参数”: 从“size_t”转换到“int”，可能丢失数据
D:\Code\cpp\Gmae Engine\E3D\ECore\EUtil.h(59,79): warning C4267: “参数”: 从“size_t”转换到“int”，可能丢失数据
D:\Code\cpp\Gmae Engine\E3D\ECore\EGraphics.cpp(145,58): warning C4267: “参数”: 从“size_t”转换到“int”，可能丢失数据
  ELight.cpp
D:\Code\cpp\Gmae Engine\E3D\ECore\ELight.h(1,1): warning C4819: 该文件包含不能在当前代码页(936)中表示的字符。请将该文件保存为 Unicode 格式以防止数据丢失
D:\Code\cpp\Gmae Engine\E3D\ECore\ECommon.h(1,1): warning C4819: 该文件包含不能在当前代码页(936)中表示的字符。请将该文件保存为 Unicode 格式以防止数据丢失
D:\Code\cpp\Gmae Engine\E3D\ECore\E3DHeader.h(1,1): warning C4819: 该文件包含不能在当前代码页(936)中表示的字符。请将该文件保存为 Unicode 格式以防止数据丢失
D:\Code\cpp\Gmae Engine\E3D\ECore\EVector.h(1,1): warning C4819: 该文件包含不能在当前代码页(936)中表示的字符。请将该文件保存为 Unicode 格式以防止数据丢失
D:\Code\cpp\Gmae Engine\E3D\ECore\EUtil.h(1,1): warning C4819: 该文件包含不能在当前代码页(936)中表示的字符。请将该文件保存为 Unicode 格式以防止数据丢失
D:\Code\cpp\Gmae Engine\E3D\ECore\EUtil.h(56,84): warning C4267: “参数”: 从“size_t”转换到“int”，可能丢失数据
D:\Code\cpp\Gmae Engine\E3D\ECore\EUtil.h(59,79): warning C4267: “参数”: 从“size_t”转换到“int”，可能丢失数据
D:\Code\cpp\Gmae Engine\E3D\ECore\ELight.cpp(37,31): warning C4267: “return”: 从“size_t”转换到“E3D::EInt”，可能丢失数据
  EMaterial.cpp
D:\Code\cpp\Gmae Engine\E3D\ECore\EMaterial.cpp(1,1): warning C4819: 该文件包含不能在当前代码页(936)中表示的字符。请将该文件保存为 Unicode 格式以防止数据丢失
D:\Code\cpp\Gmae Engine\E3D\ECore\EMaterial.h(1,1): warning C4819: 该文件包含不能在当前代码页(936)中表示的字符。请将该文件保存为 Unicode 格式以防止数据丢失
D:\Code\cpp\Gmae Engine\E3D\ECore\ECommon.h(1,1): warning C4819: 该文件包含不能在当前代码页(936)中表示的字符。请将该文件保存为 Unicode 格式以防止数据丢失
D:\Code\cpp\Gmae Engine\E3D\ECore\E3DHeader.h(1,1): warning C4819: 该文件包含不能在当前代码页(936)中表示的字符。请将该文件保存为 Unicode 格式以防止数据丢失
D:\Code\cpp\Gmae Engine\E3D\ECore\EGraphics.h(1,1): warning C4819: 该文件包含不能在当前代码页(936)中表示的字符。请将该文件保存为 Unicode 格式以防止数据丢失
D:\Code\cpp\Gmae Engine\E3D\ECore\EUtil.h(1,1): warning C4819: 该文件包含不能在当前代码页(936)中表示的字符。请将该文件保存为 Unicode 格式以防止数据丢失
D:\Code\cpp\Gmae Engine\E3D\ECore\EUtil.h(56,84): warning C4267: “参数”: 从“size_t”转换到“int”，可能丢失数据
D:\Code\cpp\Gmae Engine\E3D\ECore\EUtil.h(59,79): warning C4267: “参数”: 从“size_t”转换到“int”，可能丢失数据
D:\Code\cpp\Gmae Engine\E3D\ECore\EMaterial.cpp(18,11): warning C4244: “初始化”: 从“E3D::EFloat”转换到“E3D::EInt”，可能丢失数据
D:\Code\cpp\Gmae Engine\E3D\ECore\EMaterial.cpp(19,11): warning C4244: “初始化”: 从“E3D::EFloat”转换到“E3D::EInt”，可能丢失数据
D:\Code\cpp\Gmae Engine\E3D\ECore\EMaterial.cpp(133,33): warning C4477: “sscanf_s”: 格式字符串“%s”需要类型“unsigned int”的参数，但可变参数 2 拥有了类型“E3D::EUChar *”
D:\Code\cpp\Gmae Engine\E3D\ECore\EMaterial.cpp(133,33): message : 此参数用作缓冲区大小
D:\Code\cpp\Gmae Engine\E3D\ECore\EMaterial.cpp(133,33): warning C4477: “sscanf_s”: 格式字符串“%f”需要类型“float *”的参数，但可变参数 3 拥有了类型“E3D::EUChar *”
D:\Code\cpp\Gmae Engine\E3D\ECore\EMaterial.cpp(133,33): warning C4477: “sscanf_s”: 格式字符串“%f”需要类型“float *”的参数，但可变参数 4 拥有了类型“E3D::EUChar *”
D:\Code\cpp\Gmae Engine\E3D\ECore\EMaterial.cpp(143,33): warning C4477: “sscanf_s”: 格式字符串“%s”需要类型“unsigned int”的参数，但可变参数 2 拥有了类型“E3D::EUChar *”
D:\Code\cpp\Gmae Engine\E3D\ECore\EMaterial.cpp(143,33): message : 此参数用作缓冲区大小
D:\Code\cpp\Gmae Engine\E3D\ECore\EMaterial.cpp(143,33): warning C4477: “sscanf_s”: 格式字符串“%f”需要类型“float *”的参数，但可变参数 3 拥有了类型“E3D::EUChar *”
D:\Code\cpp\Gmae Engine\E3D\ECore\EMaterial.cpp(143,33): warning C4477: “sscanf_s”: 格式字符串“%f”需要类型“float *”的参数，但可变参数 4 拥有了类型“E3D::EUChar *”
D:\Code\cpp\Gmae Engine\E3D\ECore\EMaterial.cpp(154,33): warning C4477: “sscanf_s”: 格式字符串“%s”需要类型“unsigned int”的参数，但可变参数 2 拥有了类型“E3D::EUChar *”
D:\Code\cpp\Gmae Engine\E3D\ECore\EMaterial.cpp(154,33): message : 此参数用作缓冲区大小
D:\Code\cpp\Gmae Engine\E3D\ECore\EMaterial.cpp(154,33): warning C4477: “sscanf_s”: 格式字符串“%f”需要类型“float *”的参数，但可变参数 3 拥有了类型“E3D::EUChar *”
D:\Code\cpp\Gmae Engine\E3D\ECore\EMaterial.cpp(154,33): warning C4477: “sscanf_s”: 格式字符串“%f”需要类型“float *”的参数，但可变参数 4 拥有了类型“E3D::EUChar *”
D:\Code\cpp\Gmae Engine\E3D\ECore\EMaterial.cpp(165,33): warning C4477: “sscanf_s”: 格式字符串“%s”需要类型“unsigned int”的参数，但可变参数 2 拥有了类型“E3D::EChar *”
D:\Code\cpp\Gmae Engine\E3D\ECore\EMaterial.cpp(165,33): message : 此参数用作缓冲区大小
D:\Code\cpp\Gmae Engine\E3D\ECore\EMaterial.cpp(165,33): warning C4473: “sscanf_s”: 没有为格式字符串传递足够的参数
D:\Code\cpp\Gmae Engine\E3D\ECore\EMaterial.cpp(165,33): message : 占位符和其参数预计 4 可变参数，但提供的却是 2 参数
D:\Code\cpp\Gmae Engine\E3D\ECore\EMaterial.cpp(165,33): message : 缺失的可变参数 3 为格式字符串“%s”所需
D:\Code\cpp\Gmae Engine\E3D\ECore\EMaterial.cpp(165,33): message : 此参数由转换说明符使用
  EMath.cpp
D:\Code\cpp\Gmae Engine\E3D\ECore\ECommon.h(1,1): warning C4819: 该文件包含不能在当前代码页(936)中表示的字符。请将该文件保存为 Unicode 格式以防止数据丢失
D:\Code\cpp\Gmae Engine\E3D\ECore\E3DHeader.h(1,1): warning C4819: 该文件包含不能在当前代码页(936)中表示的字符。请将该文件保存为 Unicode 格式以防止数据丢失
D:\Code\cpp\Gmae Engine\E3D\ECore\EVector.h(1,1): warning C4819: 该文件包含不能在当前代码页(936)中表示的字符。请将该文件保存为 Unicode 格式以防止数据丢失
D:\Code\cpp\Gmae Engine\E3D\ECore\EUtil.h(1,1): warning C4819: 该文件包含不能在当前代码页(936)中表示的字符。请将该文件保存为 Unicode 格式以防止数据丢失
D:\Code\cpp\Gmae Engine\E3D\ECore\EUtil.h(56,84): warning C4267: “参数”: 从“size_t”转换到“int”，可能丢失数据
D:\Code\cpp\Gmae Engine\E3D\ECore\EUtil.h(59,79): warning C4267: “参数”: 从“size_t”转换到“int”，可能丢失数据
D:\Code\cpp\Gmae Engine\E3D\ECore\EMatrix.h(1,1): warning C4819: 该文件包含不能在当前代码页(936)中表示的字符。请将该文件保存为 Unicode 格式以防止数据丢失
D:\Code\cpp\Gmae Engine\E3D\ECore\ECore.h(1,1): warning C4819: 该文件包含不能在当前代码页(936)中表示的字符。请将该文件保存为 Unicode 格式以防止数据丢失
  EMatrix.cpp
D:\Code\cpp\Gmae Engine\E3D\ECore\EMatrix.h(1,1): warning C4819: 该文件包含不能在当前代码页(936)中表示的字符。请将该文件保存为 Unicode 格式以防止数据丢失
D:\Code\cpp\Gmae Engine\E3D\ECore\ECommon.h(1,1): warning C4819: 该文件包含不能在当前代码页(936)中表示的字符。请将该文件保存为 Unicode 格式以防止数据丢失
D:\Code\cpp\Gmae Engine\E3D\ECore\E3DHeader.h(1,1): warning C4819: 该文件包含不能在当前代码页(936)中表示的字符。请将该文件保存为 Unicode 格式以防止数据丢失
  EUtil.cpp
D:\Code\cpp\Gmae Engine\E3D\ECore\EUtil.cpp(1,1): warning C4819: 该文件包含不能在当前代码页(936)中表示的字符。请将该文件保存为 Unicode 格式以防止数据丢失
D:\Code\cpp\Gmae Engine\E3D\ECore\EUtil.h(1,1): warning C4819: 该文件包含不能在当前代码页(936)中表示的字符。请将该文件保存为 Unicode 格式以防止数据丢失
D:\Code\cpp\Gmae Engine\E3D\ECore\ECommon.h(1,1): warning C4819: 该文件包含不能在当前代码页(936)中表示的字符。请将该文件保存为 Unicode 格式以防止数据丢失
D:\Code\cpp\Gmae Engine\E3D\ECore\E3DHeader.h(1,1): warning C4819: 该文件包含不能在当前代码页(936)中表示的字符。请将该文件保存为 Unicode 格式以防止数据丢失
D:\Code\cpp\Gmae Engine\E3D\ECore\EUtil.h(56,84): warning C4267: “参数”: 从“size_t”转换到“int”，可能丢失数据
D:\Code\cpp\Gmae Engine\E3D\ECore\EUtil.h(59,79): warning C4267: “参数”: 从“size_t”转换到“int”，可能丢失数据
  EVector.cpp
  ECore.vcxproj -> D:\Code\cpp\Gmae Engine\E3D\E3D\x64\Release\ECore.lib
