cl : 命令行 warning D9035: “Gm”选项已否决，并将在将来的版本中移除
  EVector.cpp
  EUtil.cpp
D:\BaiduNetdiskDownload\E3D11\ECore\src\EUtil.cpp(42,3): warning C4996: 'vsprintf': This function or variable may be unsafe. Consider using vsprintf_s instead. To disable deprecation, use _CRT_SECURE_NO_WARNINGS. See online help for details.
  EMatrix.cpp
  EMath.cpp
  EMaterial.cpp
D:\BaiduNetdiskDownload\E3D11\ECore\src\EMaterial.cpp(26,11): warning C4244: “初始化”: 从“E3D::EFloat”转换到“E3D::EInt”，可能丢失数据
D:\BaiduNetdiskDownload\E3D11\ECore\src\EMaterial.cpp(27,11): warning C4244: “初始化”: 从“E3D::EFloat”转换到“E3D::EInt”，可能丢失数据
D:\BaiduNetdiskDownload\E3D11\ECore\src\EMaterial.cpp(143,31): warning C4477: “sscanf”: 格式字符串“%f”需要类型“float *”的参数，但可变参数 2 拥有了类型“E3D::EUChar *”
D:\BaiduNetdiskDownload\E3D11\ECore\src\EMaterial.cpp(143,31): warning C4477: “sscanf”: 格式字符串“%f”需要类型“float *”的参数，但可变参数 3 拥有了类型“E3D::EUChar *”
D:\BaiduNetdiskDownload\E3D11\ECore\src\EMaterial.cpp(143,31): warning C4477: “sscanf”: 格式字符串“%f”需要类型“float *”的参数，但可变参数 4 拥有了类型“E3D::EUChar *”
D:\BaiduNetdiskDownload\E3D11\ECore\src\EMaterial.cpp(155,31): warning C4477: “sscanf”: 格式字符串“%f”需要类型“float *”的参数，但可变参数 2 拥有了类型“E3D::EUChar *”
D:\BaiduNetdiskDownload\E3D11\ECore\src\EMaterial.cpp(155,31): warning C4477: “sscanf”: 格式字符串“%f”需要类型“float *”的参数，但可变参数 3 拥有了类型“E3D::EUChar *”
D:\BaiduNetdiskDownload\E3D11\ECore\src\EMaterial.cpp(155,31): warning C4477: “sscanf”: 格式字符串“%f”需要类型“float *”的参数，但可变参数 4 拥有了类型“E3D::EUChar *”
D:\BaiduNetdiskDownload\E3D11\ECore\src\EMaterial.cpp(166,31): warning C4477: “sscanf”: 格式字符串“%f”需要类型“float *”的参数，但可变参数 2 拥有了类型“E3D::EUChar *”
D:\BaiduNetdiskDownload\E3D11\ECore\src\EMaterial.cpp(166,31): warning C4477: “sscanf”: 格式字符串“%f”需要类型“float *”的参数，但可变参数 3 拥有了类型“E3D::EUChar *”
D:\BaiduNetdiskDownload\E3D11\ECore\src\EMaterial.cpp(166,31): warning C4477: “sscanf”: 格式字符串“%f”需要类型“float *”的参数，但可变参数 4 拥有了类型“E3D::EUChar *”
D:\BaiduNetdiskDownload\E3D11\ECore\src\EMaterial.cpp(143,10): warning C4996: 'sscanf': This function or variable may be unsafe. Consider using sscanf_s instead. To disable deprecation, use _CRT_SECURE_NO_WARNINGS. See online help for details.
D:\BaiduNetdiskDownload\E3D11\ECore\src\EMaterial.cpp(155,10): warning C4996: 'sscanf': This function or variable may be unsafe. Consider using sscanf_s instead. To disable deprecation, use _CRT_SECURE_NO_WARNINGS. See online help for details.
D:\BaiduNetdiskDownload\E3D11\ECore\src\EMaterial.cpp(166,10): warning C4996: 'sscanf': This function or variable may be unsafe. Consider using sscanf_s instead. To disable deprecation, use _CRT_SECURE_NO_WARNINGS. See online help for details.
D:\BaiduNetdiskDownload\E3D11\ECore\src\EMaterial.cpp(178,10): warning C4996: 'sscanf': This function or variable may be unsafe. Consider using sscanf_s instead. To disable deprecation, use _CRT_SECURE_NO_WARNINGS. See online help for details.
  ELight.cpp
  EGraphics.cpp
  EFrustum.cpp
  ECore.cpp
D:\BaiduNetdiskDownload\E3D11\ECore\src\ECore.cpp(1,1): warning C4819: 该文件包含不能在当前代码页(936)中表示的字符。请将该文件保存为 Unicode 格式以防止数据丢失
D:\BaiduNetdiskDownload\E3D11\ECore\src\ECore.cpp(684,56): warning C4244: “+=”: 从“E3D::EFloat”转换到“E3D::EInt”，可能丢失数据
D:\BaiduNetdiskDownload\E3D11\ECore\src\ECore.cpp(685,56): warning C4244: “+=”: 从“E3D::EFloat”转换到“E3D::EInt”，可能丢失数据
D:\BaiduNetdiskDownload\E3D11\ECore\src\ECore.cpp(686,56): warning C4244: “+=”: 从“E3D::EFloat”转换到“E3D::EInt”，可能丢失数据
D:\BaiduNetdiskDownload\E3D11\ECore\src\ECore.cpp(693,52): warning C4244: “+=”: 从“E3D::EFloat”转换到“E3D::EInt”，可能丢失数据
D:\BaiduNetdiskDownload\E3D11\ECore\src\ECore.cpp(694,52): warning C4244: “+=”: 从“E3D::EFloat”转换到“E3D::EInt”，可能丢失数据
D:\BaiduNetdiskDownload\E3D11\ECore\src\ECore.cpp(695,52): warning C4244: “+=”: 从“E3D::EFloat”转换到“E3D::EInt”，可能丢失数据
D:\BaiduNetdiskDownload\E3D11\ECore\src\ECore.cpp(720,56): warning C4244: “+=”: 从“E3D::EFloat”转换到“E3D::EInt”，可能丢失数据
D:\BaiduNetdiskDownload\E3D11\ECore\src\ECore.cpp(721,56): warning C4244: “+=”: 从“E3D::EFloat”转换到“E3D::EInt”，可能丢失数据
D:\BaiduNetdiskDownload\E3D11\ECore\src\ECore.cpp(722,56): warning C4244: “+=”: 从“E3D::EFloat”转换到“E3D::EInt”，可能丢失数据
D:\BaiduNetdiskDownload\E3D11\ECore\src\ECore.cpp(729,52): warning C4244: “+=”: 从“E3D::EFloat”转换到“E3D::EInt”，可能丢失数据
D:\BaiduNetdiskDownload\E3D11\ECore\src\ECore.cpp(730,52): warning C4244: “+=”: 从“E3D::EFloat”转换到“E3D::EInt”，可能丢失数据
D:\BaiduNetdiskDownload\E3D11\ECore\src\ECore.cpp(731,52): warning C4244: “+=”: 从“E3D::EFloat”转换到“E3D::EInt”，可能丢失数据
D:\BaiduNetdiskDownload\E3D11\ECore\src\ECore.cpp(937,1): warning C4819: 该文件包含不能在当前代码页(936)中表示的字符。请将该文件保存为 Unicode 格式以防止数据丢失
D:\BaiduNetdiskDownload\E3D11\ECore\src\ECore.cpp(1049,65): warning C4244: “参数”: 从“E3D::EFloat”转换到“E3D::EInt”，可能丢失数据
D:\BaiduNetdiskDownload\E3D11\ECore\src\ECore.cpp(1049,35): warning C4244: “参数”: 从“E3D::EFloat”转换到“E3D::EInt”，可能丢失数据
D:\BaiduNetdiskDownload\E3D11\ECore\src\ECore.cpp(1048,82): warning C4244: “参数”: 从“E3D::EFloat”转换到“E3D::EInt”，可能丢失数据
D:\BaiduNetdiskDownload\E3D11\ECore\src\ECore.cpp(1048,52): warning C4244: “参数”: 从“E3D::EFloat”转换到“E3D::EInt”，可能丢失数据
D:\BaiduNetdiskDownload\E3D11\ECore\src\ECore.cpp(1052,65): warning C4244: “参数”: 从“E3D::EFloat”转换到“E3D::EInt”，可能丢失数据
D:\BaiduNetdiskDownload\E3D11\ECore\src\ECore.cpp(1052,35): warning C4244: “参数”: 从“E3D::EFloat”转换到“E3D::EInt”，可能丢失数据
D:\BaiduNetdiskDownload\E3D11\ECore\src\ECore.cpp(1051,82): warning C4244: “参数”: 从“E3D::EFloat”转换到“E3D::EInt”，可能丢失数据
D:\BaiduNetdiskDownload\E3D11\ECore\src\ECore.cpp(1051,52): warning C4244: “参数”: 从“E3D::EFloat”转换到“E3D::EInt”，可能丢失数据
D:\BaiduNetdiskDownload\E3D11\ECore\src\ECore.cpp(1055,65): warning C4244: “参数”: 从“E3D::EFloat”转换到“E3D::EInt”，可能丢失数据
D:\BaiduNetdiskDownload\E3D11\ECore\src\ECore.cpp(1055,35): warning C4244: “参数”: 从“E3D::EFloat”转换到“E3D::EInt”，可能丢失数据
D:\BaiduNetdiskDownload\E3D11\ECore\src\ECore.cpp(1054,82): warning C4244: “参数”: 从“E3D::EFloat”转换到“E3D::EInt”，可能丢失数据
D:\BaiduNetdiskDownload\E3D11\ECore\src\ECore.cpp(1054,52): warning C4244: “参数”: 从“E3D::EFloat”转换到“E3D::EInt”，可能丢失数据
D:\BaiduNetdiskDownload\E3D11\ECore\src\ECore.cpp(1080,55): warning C4244: “参数”: 从“E3D::EFloat”转换到“E3D::EInt”，可能丢失数据
D:\BaiduNetdiskDownload\E3D11\ECore\src\ECore.cpp(1080,30): warning C4244: “参数”: 从“E3D::EFloat”转换到“E3D::EInt”，可能丢失数据
D:\BaiduNetdiskDownload\E3D11\ECore\src\ECore.cpp(1079,72): warning C4244: “参数”: 从“E3D::EFloat”转换到“E3D::EInt”，可能丢失数据
D:\BaiduNetdiskDownload\E3D11\ECore\src\ECore.cpp(1079,47): warning C4244: “参数”: 从“E3D::EFloat”转换到“E3D::EInt”，可能丢失数据
D:\BaiduNetdiskDownload\E3D11\ECore\src\ECore.cpp(1082,55): warning C4244: “参数”: 从“E3D::EFloat”转换到“E3D::EInt”，可能丢失数据
D:\BaiduNetdiskDownload\E3D11\ECore\src\ECore.cpp(1082,30): warning C4244: “参数”: 从“E3D::EFloat”转换到“E3D::EInt”，可能丢失数据
D:\BaiduNetdiskDownload\E3D11\ECore\src\ECore.cpp(1081,72): warning C4244: “参数”: 从“E3D::EFloat”转换到“E3D::EInt”，可能丢失数据
D:\BaiduNetdiskDownload\E3D11\ECore\src\ECore.cpp(1081,47): warning C4244: “参数”: 从“E3D::EFloat”转换到“E3D::EInt”，可能丢失数据
D:\BaiduNetdiskDownload\E3D11\ECore\src\ECore.cpp(1084,55): warning C4244: “参数”: 从“E3D::EFloat”转换到“E3D::EInt”，可能丢失数据
D:\BaiduNetdiskDownload\E3D11\ECore\src\ECore.cpp(1084,30): warning C4244: “参数”: 从“E3D::EFloat”转换到“E3D::EInt”，可能丢失数据
D:\BaiduNetdiskDownload\E3D11\ECore\src\ECore.cpp(1083,72): warning C4244: “参数”: 从“E3D::EFloat”转换到“E3D::EInt”，可能丢失数据
D:\BaiduNetdiskDownload\E3D11\ECore\src\ECore.cpp(1083,47): warning C4244: “参数”: 从“E3D::EFloat”转换到“E3D::EInt”，可能丢失数据
D:\BaiduNetdiskDownload\E3D11\ECore\src\ECore.cpp(1116,66): warning C4244: “参数”: 从“E3D::EFloat”转换到“E3D::EInt”，可能丢失数据
D:\BaiduNetdiskDownload\E3D11\ECore\src\ECore.cpp(1116,36): warning C4244: “参数”: 从“E3D::EFloat”转换到“E3D::EInt”，可能丢失数据
D:\BaiduNetdiskDownload\E3D11\ECore\src\ECore.cpp(1115,66): warning C4244: “参数”: 从“E3D::EFloat”转换到“E3D::EInt”，可能丢失数据
D:\BaiduNetdiskDownload\E3D11\ECore\src\ECore.cpp(1115,36): warning C4244: “参数”: 从“E3D::EFloat”转换到“E3D::EInt”，可能丢失数据
D:\BaiduNetdiskDownload\E3D11\ECore\src\ECore.cpp(1114,86): warning C4244: “参数”: 从“E3D::EFloat”转换到“E3D::EInt”，可能丢失数据
D:\BaiduNetdiskDownload\E3D11\ECore\src\ECore.cpp(1114,56): warning C4244: “参数”: 从“E3D::EFloat”转换到“E3D::EInt”，可能丢失数据
D:\BaiduNetdiskDownload\E3D11\ECore\src\ECore.cpp(1142,56): warning C4244: “参数”: 从“E3D::EFloat”转换到“E3D::EInt”，可能丢失数据
D:\BaiduNetdiskDownload\E3D11\ECore\src\ECore.cpp(1142,31): warning C4244: “参数”: 从“E3D::EFloat”转换到“E3D::EInt”，可能丢失数据
D:\BaiduNetdiskDownload\E3D11\ECore\src\ECore.cpp(1141,56): warning C4244: “参数”: 从“E3D::EFloat”转换到“E3D::EInt”，可能丢失数据
D:\BaiduNetdiskDownload\E3D11\ECore\src\ECore.cpp(1141,31): warning C4244: “参数”: 从“E3D::EFloat”转换到“E3D::EInt”，可能丢失数据
D:\BaiduNetdiskDownload\E3D11\ECore\src\ECore.cpp(1140,76): warning C4244: “参数”: 从“E3D::EFloat”转换到“E3D::EInt”，可能丢失数据
D:\BaiduNetdiskDownload\E3D11\ECore\src\ECore.cpp(1140,51): warning C4244: “参数”: 从“E3D::EFloat”转换到“E3D::EInt”，可能丢失数据
D:\BaiduNetdiskDownload\E3D11\ECore\src\ECore.cpp(1206,30): warning C4244: “参数”: 从“E3D::EFloat”转换到“E3D::EInt”，可能丢失数据
D:\BaiduNetdiskDownload\E3D11\ECore\src\ECore.cpp(1206,27): warning C4244: “参数”: 从“E3D::EFloat”转换到“E3D::EInt”，可能丢失数据
D:\BaiduNetdiskDownload\E3D11\ECore\src\ECore.cpp(1207,30): warning C4244: “参数”: 从“E3D::EFloat”转换到“E3D::EInt”，可能丢失数据
D:\BaiduNetdiskDownload\E3D11\ECore\src\ECore.cpp(1207,27): warning C4244: “参数”: 从“E3D::EFloat”转换到“E3D::EInt”，可能丢失数据
D:\BaiduNetdiskDownload\E3D11\ECore\src\ECore.cpp(1243,17): warning C4244: “=”: 从“E3D::EInt”转换到“E3D::EFloat”，可能丢失数据
D:\BaiduNetdiskDownload\E3D11\ECore\src\ECore.cpp(1244,17): warning C4244: “=”: 从“E3D::EInt”转换到“E3D::EFloat”，可能丢失数据
D:\BaiduNetdiskDownload\E3D11\ECore\src\ECore.cpp(1287,61): warning C4244: “参数”: 从“E3D::EFloat”转换到“E3D::EInt”，可能丢失数据
D:\BaiduNetdiskDownload\E3D11\ECore\src\ECore.cpp(1287,58): warning C4244: “参数”: 从“E3D::EFloat”转换到“E3D::EInt”，可能丢失数据
D:\BaiduNetdiskDownload\E3D11\ECore\src\ECore.cpp(1290,29): warning C4244: “参数”: 从“E3D::EFloat”转换到“E3D::EInt”，可能丢失数据
D:\BaiduNetdiskDownload\E3D11\ECore\src\ECore.cpp(1290,26): warning C4244: “参数”: 从“E3D::EFloat”转换到“E3D::EInt”，可能丢失数据
D:\BaiduNetdiskDownload\E3D11\ECore\src\ECore.cpp(1360,31): warning C4244: “参数”: 从“E3D::EFloat”转换到“E3D::EInt”，可能丢失数据
D:\BaiduNetdiskDownload\E3D11\ECore\src\ECore.cpp(1360,28): warning C4244: “参数”: 从“E3D::EFloat”转换到“E3D::EInt”，可能丢失数据
D:\BaiduNetdiskDownload\E3D11\ECore\src\ECore.cpp(1361,30): warning C4244: “参数”: 从“E3D::EFloat”转换到“E3D::EInt”，可能丢失数据
D:\BaiduNetdiskDownload\E3D11\ECore\src\ECore.cpp(1361,27): warning C4244: “参数”: 从“E3D::EFloat”转换到“E3D::EInt”，可能丢失数据
D:\BaiduNetdiskDownload\E3D11\ECore\src\ECore.cpp(1396,17): warning C4244: “=”: 从“E3D::EInt”转换到“E3D::EFloat”，可能丢失数据
D:\BaiduNetdiskDownload\E3D11\ECore\src\ECore.cpp(1397,17): warning C4244: “=”: 从“E3D::EInt”转换到“E3D::EFloat”，可能丢失数据
D:\BaiduNetdiskDownload\E3D11\ECore\src\ECore.cpp(1441,61): warning C4244: “参数”: 从“E3D::EFloat”转换到“E3D::EInt”，可能丢失数据
D:\BaiduNetdiskDownload\E3D11\ECore\src\ECore.cpp(1441,58): warning C4244: “参数”: 从“E3D::EFloat”转换到“E3D::EInt”，可能丢失数据
D:\BaiduNetdiskDownload\E3D11\ECore\src\ECore.cpp(1444,29): warning C4244: “参数”: 从“E3D::EFloat”转换到“E3D::EInt”，可能丢失数据
D:\BaiduNetdiskDownload\E3D11\ECore\src\ECore.cpp(1444,26): warning C4244: “参数”: 从“E3D::EFloat”转换到“E3D::EInt”，可能丢失数据
  正在生成代码...
D:\Program Files (x86)\Microsoft Visual Studio\2019\Community\MSBuild\Microsoft\VC\v160\Microsoft.CppBuild.targets(1469,5): warning MSB8012: TargetPath(D:\BaiduNetdiskDownload\E3D11\Debug\ECore.lib) 与 Library 的 OutputFile 属性值(D:\BaiduNetdiskDownload\E3D11\Lib\ECore_d.lib)不匹配。这可能导致项目生成不正确。若要更正此问题，请确保 $(OutDir)、$(TargetName) 和 $(TargetExt) 属性值与 %(Lib.OutputFile) 中指定的值匹配。
D:\Program Files (x86)\Microsoft Visual Studio\2019\Community\MSBuild\Microsoft\VC\v160\Microsoft.CppBuild.targets(1471,5): warning MSB8012: TargetName(ECore) 与 Library 的 OutputFile 属性值(ECore_d)不匹配。这可能导致项目生成不正确。若要更正此问题，请确保 $(OutDir)、$(TargetName) 和 $(TargetExt) 属性值与 %(Lib.OutputFile) 中指定的值匹配。
  ECore.vcxproj -> D:\BaiduNetdiskDownload\E3D11\Debug\ECore.lib
