  EAITank.cpp
D:\Code\cpp\Gmae Engine\E3D\ECore\include\ECommon.h(1,1): warning C4819: 该文件包含不能在当前代码页(936)中表示的字符。请将该文件保存为 Unicode 格式以防止数据丢失
  EBullet.cpp
D:\Code\cpp\Gmae Engine\E3D\ECore\include\ECommon.h(1,1): warning C4819: 该文件包含不能在当前代码页(936)中表示的字符。请将该文件保存为 Unicode 格式以防止数据丢失
  EGame.cpp
D:\Code\cpp\Gmae Engine\E3D\ECore\include\ECommon.h(1,1): warning C4819: 该文件包含不能在当前代码页(936)中表示的字符。请将该文件保存为 Unicode 格式以防止数据丢失
  EGameManager.cpp
D:\Code\cpp\Gmae Engine\E3D\ECore\include\ECommon.h(1,1): warning C4819: 该文件包含不能在当前代码页(936)中表示的字符。请将该文件保存为 Unicode 格式以防止数据丢失
  EPayerController.cpp
D:\Code\cpp\Gmae Engine\E3D\ECore\include\ECommon.h(1,1): warning C4819: 该文件包含不能在当前代码页(936)中表示的字符。请将该文件保存为 Unicode 格式以防止数据丢失
  ETank.cpp
D:\Code\cpp\Gmae Engine\E3D\EGame\src\ETank.cpp(1,1): warning C4819: 该文件包含不能在当前代码页(936)中表示的字符。请将该文件保存为 Unicode 格式以防止数据丢失
D:\Code\cpp\Gmae Engine\E3D\ECore\include\ECommon.h(1,1): warning C4819: 该文件包含不能在当前代码页(936)中表示的字符。请将该文件保存为 Unicode 格式以防止数据丢失
  WinMain.cpp
D:\Code\cpp\Gmae Engine\E3D\ECore\include\ECommon.h(1,1): warning C4819: 该文件包含不能在当前代码页(936)中表示的字符。请将该文件保存为 Unicode 格式以防止数据丢失
  正在生成代码
  1555 of 1580 functions (98.4%) were compiled, the rest were copied from previous compilation.
    109 functions were new in current compilation
    2 functions had inline decision re-evaluated but remain unchanged
  已完成代码的生成
  EGame.vcxproj -> D:\Code\cpp\Gmae Engine\E3D\Release\EGame.exe
